<?xml version="1.0" encoding="UTF-8"?>
<testsuite xmlns:xsi="http://www.w3.org/2001/XMLSchema-instance" xsi:noNamespaceSchemaLocation="https://maven.apache.org/surefire/maven-surefire-plugin/xsd/surefire-test-report-3.0.xsd" version="3.0" name="guru.springframework.sfgpetclinic.model.PersonRepeatedTests" time="0.184" tests="20" errors="0" skipped="0" failures="0">
  <properties>
[...]
</properties>
  <testcase name="myRepeatedTestWithDI(TestInfo,RepetitionInfo)" classname="guru.springframework.sfgpetclinic.model.PersonRepeatedTests" time="0.012"/>
  <testcase name="myRepeatedTestWithDI(TestInfo,RepetitionInfo)" classname="guru.springframework.sfgpetclinic.model.PersonRepeatedTests" time="0.005"/>
  <testcase name="myRepeatedTestWithDI(TestInfo,RepetitionInfo)" classname="guru.springframework.sfgpetclinic.model.PersonRepeatedTests" time="0.008"/>
  <testcase name="myRepeatedTestWithDI(TestInfo,RepetitionInfo)" classname="guru.springframework.sfgpetclinic.model.PersonRepeatedTests" time="0.003"/>
  <testcase name="myRepeatedTestWithDI(TestInfo,RepetitionInfo)" classname="guru.springframework.sfgpetclinic.model.PersonRepeatedTests" time="0.003"/>
  <testcase name="myRepeatedTest" classname="guru.springframework.sfgpetclinic.model.PersonRepeatedTests" time="0.003"/>
  <testcase name="myRepeatedTest" classname="guru.springframework.sfgpetclinic.model.PersonRepeatedTests" time="0.003"/>
  <testcase name="myRepeatedTest" classname="guru.springframework.sfgpetclinic.model.PersonRepeatedTests" time="0.002"/>
  <testcase name="myRepeatedTest" classname="guru.springframework.sfgpetclinic.model.PersonRepeatedTests" time="0.002"/>
  <testcase name="myRepeatedTest" classname="guru.springframework.sfgpetclinic.model.PersonRepeatedTests" time="0.003"/>
  <testcase name="myRepeatedTest" classname="guru.springframework.sfgpetclinic.model.PersonRepeatedTests" time="0.003"/>
  <testcase name="myRepeatedTest" classname="guru.springframework.sfgpetclinic.model.PersonRepeatedTests" time="0.003"/>
  <testcase name="myRepeatedTest" classname="guru.springframework.sfgpetclinic.model.PersonRepeatedTests" time="0.003"/>
  <testcase name="myRepeatedTest" classname="guru.springframework.sfgpetclinic.model.PersonRepeatedTests" time="0.002"/>
  <testcase name="myRepeatedTest" classname="guru.springframework.sfgpetclinic.model.PersonRepeatedTests" time="0.003"/>
  <testcase name="myAssignmentRepeated" classname="guru.springframework.sfgpetclinic.model.PersonRepeatedTests" time="0.003"/>
  <testcase name="myAssignmentRepeated" classname="guru.springframework.sfgpetclinic.model.PersonRepeatedTests" time="0.003"/>
  <testcase name="myAssignmentRepeated" classname="guru.springframework.sfgpetclinic.model.PersonRepeatedTests" time="0.003"/>
  <testcase name="myAssignmentRepeated" classname="guru.springframework.sfgpetclinic.model.PersonRepeatedTests" time="0.003"/>
  <testcase name="myAssignmentRepeated" classname="guru.springframework.sfgpetclinic.model.PersonRepeatedTests" time="0.003"/>
</testsuite>