<?xml version="1.0" encoding="UTF-8"?>
<testsuite xmlns:xsi="http://www.w3.org/2001/XMLSchema-instance" xsi:noNamespaceSchemaLocation="https://maven.apache.org/surefire/maven-failsafe-plugin/xsd/failsafe-test-report-3.0.xsd" version="3.0" name="guru.springframework.sfgpetclinic.services.springdatajpa.PetTypeSDJpaServiceIT" time="0.38" tests="5" errors="0" skipped="0" failures="0">
  <properties>
[...]
</properties>
  <testcase name="delete" classname="guru.springframework.sfgpetclinic.services.springdatajpa.PetTypeSDJpaServiceIT" time="0.268"/>
  <testcase name="findAll" classname="guru.springframework.sfgpetclinic.services.springdatajpa.PetTypeSDJpaServiceIT" time="0.006"/>
  <testcase name="findById" classname="guru.springframework.sfgpetclinic.services.springdatajpa.PetTypeSDJpaServiceIT" time="0.008"/>
  <testcase name="save" classname="guru.springframework.sfgpetclinic.services.springdatajpa.PetTypeSDJpaServiceIT" time="0.009"/>
  <testcase name="deleteById" classname="guru.springframework.sfgpetclinic.services.springdatajpa.PetTypeSDJpaServiceIT" time="0.008"/>
</testsuite>